0,0,0,0,0,0,0,0,0,0,0,0,0,0,0,
0,
0,
0,
0,
0,
0,
0,
0,
0,
0,
0,
0,
0,
0,
0,
0,
0,
0,
0,
0,
0,
0,
0,
0,
0,
0,
0,
0,
0,
0,
0,
0,
0,
0,
0,
0,
0,
0,
0,
0,
0,
0,
0,
20,
20,
20,
20,
20,
20,
0,
0,
0,
20201,
20258,
19992,
20165,
20301,
20074,
19989,
19960,
20275,
20042,
20086,
0,
0,
0,
0,
0,
0,
0,
0,
0,
0,
0,
0,
0,
0,
0,
0,
0,
0,
0,
0,
0,
0,
0,
0,
0,
0,
0,
0,
0,
0,
0,
0,
0,
0,
0,
0,
0,
0,
0,
0,
0,
0,
0,
0,
0,
0,
0,
0,
0,
0,
0,
0,
0,
0,
0,
0,
0,
0,
0,
0,
0,
0,
0,
0,
0,
0,
0,
20:48:56,0,
20:48:57,0,
20:48:58,0,
20:48:59,0,
20:49:0,0,
20:49:1,0,
20:49:2,19978,
20:49:3,20206,
20:49:4,20389,
20:49:5,20336,
20:49:6,20187,
20:49:7,20224,
20:49:8,20256,
20:49:9,20202,
20:49:10,20142,
20:49:11,20343,
20:49:12,20248,
20:49:13,20442,
20:49:14,20130,
20:50:947.973,0,
20:50:947.974,0,
20:50:947.974,0,
20:50:948.003,20178,
20:50:947.992,20215,
20:50:947.992,20007,
20:50:947.994,20274,
20:50:947.996,20284,
20:50:947.993,20156,
20:50:948.013,20268,
20:50:947.992,20293,
20:50:948.0,19983,
20:50:947.994,20120,
20:50:947.991,20077,
20:50:947.99,20101,
20:50:947.992,20192,
20:50:947.994,19987,
20:50:947.987,20159,
20:50:947.989,20236,
20:50:947.994,20203,
20:50:947.99,20053,
20:50:947.997,20362,
20:50:948.011,20176,
20:50:947.992,20202,
20:50:947.992,20137,
20:50:947.993,20287,
20:51:947.994,20083,
20:51:947.991,20198,
20:51:947.974,0,
20:51:789.682,0,
20:51:289.676,0,
20:51:789.677,0,
20:51:289.679,20308,
20:51:789.699,20153,
20:51:289.699,20225,
20:51:789.679,20233,
20:51:289.694,20308,
20:51:789.691,20412,
20:51:289.692,20083,
20:51:789.7,20272,
20:51:289.711,20367,
20:51:789.702,20062,
20:51:289.701,20014,
20:51:789.698,20147,
20:51:289.698,20372,
20:51:789.678,19981,
20:51:289.696,20259,
20:51:789.692,20267,
20:51:289.697,20098,
20:51:789.697,20267,
20:51:289.696,20193,
20:51:789.699,20299,
20:51:289.695,20169,
20:51:789.693,20247,
20:51:289.709,20150,
20:51:789.699,20191,
20:51:289.694,20274,
20:51:789.692,20097,
20:51:289.695,20224,
20:51:789.671,20105,
20:51:289.691,20218,
20:51:110.478,0,
20:51:610.5,20338,
20:51:110.489,20187,
20:51:610.493,20223,
20:51:110.494,20219,
20:51:610.493,20202,
20:51:110.489,20029,
20:51:610.49,20181,
20:51:110.492,20194,
20:51:610.49,20121,
20:51:110.488,20221,
20:51:610.485,20266,
20:51:110.484,20199,
20:51:610.488,20134,
20:51:110.475,20091,
20:51:610.484,20226,
20:51:110.484,20102,
20:51:610.484,20125,
20:51:110.492,20026,
20:51:610.502,20029,
20:51:110.482,20274,
20:51:610.493,20431,
20:51:110.495,20285,
20:52:45:989.037000,0,
20:52:46:489.034000,0,
20:52:46:989.033000,0,
20:52:47:489.042000,0,
20:52:47:989.038000,0,
20:52:48:489.067000,19993,
20:52:48:989.043000,20134,
20:52:49:489.041000,20048,
20:52:49:989.043000,20294,
20:52:50:489.044000,20193,
20:52:50:989.044000,20209,
20:52:51:489.045000,20203,
20:52:51:989.044000,20326,
20:52:52:489.044000,20261,
20:52:52:989.044000,20179,
20:52:53:489.043000,20294,
20:52:53:989.041000,20223,
20:52:54:489.042000,19999,
20:52:54:989.063000,20157,
20:52:55:489.064000,20175,
20:52:55:989.058000,20130,
20:52:56:489.058000,20138,
20:52:56:989.056000,20105,
20:52:57:489.057000,20103,
20:52:57:989.041000,20182,
20:52:58:489.039000,20232,
20:52:58:989.044000,19973,
20:52:59:489.046000,20225,
20:52:59:989.060000,20239,
20:53:0:489.065000,20173,
20:53:0:989.064000,20225,
20:53:1:489.045000,20048,
20:53:1:989.043000,19962,
20:53:2:489.054000,20277,
20:53:2:989.047000,20190,
20:53:3:489.064000,19953,
20:53:3:989.045000,20147,
20:53:4:489.042000,20289,
20:53:4:989.042000,20310,
20:53:5:489.042000,20157,
20:53:5:989.050000,20158,
20:53:6:489.042000,20165,
20:53:6:989.042000,20239,
20:53:7:489.039000,20046,
20:53:7:989.053000,20220,
20:53:8:489.039000,20239,
20:53:8:989.038000,20117,
20:53:9:489.038000,20149,
20:53:9:989.042000,20125,
20:53:10:489.039000,20231,
20:53:10:989.039000,20148,
20:53:11:489.037000,20232,
20:53:11:989.044000,20213,
20:53:12:489.040000,20235,
20:53:27:559,20189,
20:53:28:59,20180,
20:53:28:559,20215,
20:53:29:59,20134,
20:53:29:559,20156,
20:53:30:59,20244,
20:53:30:559,20216,
20:53:31:59,20242,
20:53:31:559,20364,
20:53:32:59,20241,
20:53:32:559,20247,
20:53:33:59,20160,
20:53:33:559,20037,
20:53:34:59,20255,
20:53:34:559,20262,
20:53:35:59,20339,
20:53:35:559,20094,
20:53:36:59,20238,
20:53:36:559,20169,
20:53:37:59,20358,
20:53:37:559,20360,
20:53:38:59,20449,
20:53:38:559,20236,
20:53:39:59,20190,
20:53:39:559,20286,
20:53:40:59,20207,
20:53:40:559,20176,
20:53:41:59,20184,
20:53:41:559,20061,
20:53:42:59,20060,
20:53:42:559,20265,
20:53:43:59,20127,
20:53:43:559,20026,
20:53:44:59,20331,
20:53:44:559,20086,
20:53:45:59,20211,
20:53:45:559,20244,
20:53:46:59,20301,
20:53:46:559,20181,
20:53:47:59,20088,
20:53:47:559,20258,
20:53:48:59,20192,
20:53:48:559,20186,
20:53:49:59,19963,
20:53:49:559,20187,
20:53:50:59,20234,
20:53:50:559,20236,
20:53:51:59,20237,
20:53:51:559,20214,
20:53:52:59,20192,
20:53:52:559,20154,
20:53:53:59,20143,
20:53:53:559,20200,
20:53:54:59,20252,
20:53:54:559,20386,
20:53:55:59,20191,
20:53:55:559,19892,
20:53:56:59,20130,
20:53:56:559,20267,
20:53:57:59,20268,
20:53:57:559,20250,
20:53:58:59,20189,
20:53:58:559,20228,
20:53:59:59,20187,
20:53:59:559,20170,
20:54:0:59,20339,
20:54:0:559,20321,
20:54:1:59,20186,
20:54:1:559,20223,
20:54:2:59,20104,
20:54:2:559,20233,
20:54:3:59,20121,
20:54:3:559,19999,
20:54:4:59,20064,
20:54:4:559,20033,
20:54:5:59,20060,
20:54:5:559,20317,
20:54:6:59,20253,
20:54:6:559,20180,
20:54:7:59,20216,
20:54:7:559,20446,
20:54:8:59,20228,
20:54:8:559,20132,
20:54:9:59,20293,
20:54:9:559,20146,
20:54:10:59,20027,
20:54:10:559,20189,
20:54:11:59,20128,
20:54:11:559,20087,
20:54:12:59,20292,
20:54:12:559,20172,
20:54:13:59,20313,
20:54:13:559,20346,
20:54:14:59,20031,
20:54:14:559,20171,
20:54:15:59,20233,
20:54:15:559,20002,
20:54:16:59,20211,
20:54:16:559,20023,
20:54:17:59,20158,
20:54:17:559,20146,
20:54:18:59,20210,
20:54:18:559,20367,
20:54:19:59,20182,
20:54:19:559,20159,
20:54:20:59,20190,
20:54:20:559,20259,
20:54:21:59,20098,
20:54:21:559,20184,
20:54:22:59,20211,
20:54:22:559,20245,
20:54:23:59,20221,
20:54:23:559,20148,
20:54:24:59,20229,
20:54:24:559,20274,
20:54:25:59,20264,
20:54:25:559,20135,
20:54:26:59,20299,
20:54:26:559,20285,
20:54:27:59,20254,
20:54:27:559,20371,
20:54:28:59,20282,
20:54:28:559,20090,
20:54:29:59,20342,
20:54:29:559,20198,
20:54:30:59,20219,
20:54:30:559,20152,
20:54:31:59,20254,
20:54:31:559,20085,
20:54:32:59,20164,
20:54:32:559,20141,
20:54:33:59,20137,
20:54:33:559,20187,
20:54:34:59,20380,
20:54:34:559,20037,
20:54:35:59,20298,
20:54:35:559,20009,
20:54:36:59,20135,
20:54:36:559,20164,
20:54:37:59,20231,
20:54:37:559,20252,
20:54:38:59,20270,
20:54:38:559,20293,
20:54:39:59,20137,
20:54:39:559,20113,
20:54:40:59,20040,
20:54:40:559,20206,
20:54:41:59,20013,
20:54:41:559,20266,
20:54:42:59,20193,
20:54:42:559,20244,
20:54:43:59,20365,
20:54:43:559,20230,
20:54:44:59,20214,
20:54:44:559,20313,
20:54:45:59,20128,
20:54:45:559,20280,
20:54:46:59,20064,
20:54:46:559,20236,
20:54:47:59,20426,
20:54:47:559,20222,
20:54:48:59,20194,
20:54:48:559,20195,
20:54:49:59,20109,
20:54:49:559,20055,
20:54:50:59,20014,
20:54:50:559,20258,
20:54:51:610,20364,
20:54:52:110,20085,
20:54:52:610,20146,
20:54:53:110,20091,
20:54:53:610,20051,
20:54:54:110,20087,
20:54:54:610,20188,
20:54:55:110,20292,
20:54:55:610,20093,
20:54:56:110,20123,
20:54:56:610,20180,
20:54:57:110,20135,
20:54:57:610,20105,
20:54:58:110,20195,
20:54:58:610,20136,
20:54:59:110,20071,
20:54:59:610,20339,
20:55:0:110,20017,
20:55:0:610,20035,
20:55:1:110,20277,
20:55:1:610,20238,
20:55:2:110,20103,
20:55:2:610,20166,
20:55:3:110,20224,
20:55:3:610,20196,
20:55:4:110,20123,
20:55:4:610,20182,
20:55:5:110,20159,
20:55:5:610,20146,
20:55:6:110,20318,
20:55:6:610,20248,
20:55:7:110,20051,
20:55:7:610,20216,
20:55:8:110,20270,
20:55:8:610,20135,
20:55:9:110,20042,
20:55:9:610,19934,
20:55:10:110,20296,
20:55:10:610,20136,
20:55:11:110,20313,
20:55:11:610,20158,
20:55:12:110,20277,
20:55:12:610,20161,
20:55:13:110,20374,
20:55:13:610,20257,
20:55:14:110,20151,
20:55:14:610,20275,
20:55:15:110,20234,
20:55:15:610,20063,
20:55:16:110,20330,
20:55:16:610,20241,
20:55:17:110,20125,
20:55:17:610,20415,
20:55:18:110,20100,
20:55:18:610,20118,
20:55:19:110,20311,
20:55:19:610,20184,
20:55:20:110,20182,
20:55:20:610,20248,
20:55:21:110,20258,
20:55:21:610,20282,
20:55:22:110,0,
20:55:22:610,0,
20:55:23:110,0,
20:55:23:610,0,
20:55:24:110,0,
20:55:24:610,0,
20:55:25:110,0,
20:55:25:610,0,
20:55:26:110,0,
20:55:26:610,0,
20:55:27:110,0,
20:55:27:610,20208,
20:55:28:110,20266,
20:55:28:610,20254,
20:55:29:110,20248,
20:55:29:610,20109,
20:55:30:110,20186,
20:55:30:610,20358,
20:55:31:110,20325,
20:55:31:610,20183,
20:55:32:110,20285,
20:55:32:610,20309,
20:55:33:110,20204,
20:55:33:610,20289,
20:55:34:110,20224,
20:55:34:610,20169,
20:55:35:110,20191,
20:55:35:610,20156,
20:55:36:110,20337,
20:55:36:610,20125,
20:55:37:110,20219,
20:55:37:610,20397,
20:55:38:110,20394,
20:55:38:610,20203,
20:55:39:110,20294,
20:55:39:610,20140,
20:55:40:110,20162,
20:55:40:610,19999,
20:55:41:110,20326,
20:55:41:610,20249,
20:55:42:110,20089,
20:55:42:610,20231,
20:55:43:110,19992,
20:55:43:610,20281,
20:55:44:110,20247,
20:55:44:610,20099,
20:55:45:110,20225,
20:55:45:610,20036,
20:55:46:110,20138,
20:55:46:610,20258,
20:55:47:110,20051,
20:55:47:610,20289,
20:55:48:110,20096,
20:55:48:610,20331,
20:55:49:110,20150,
20:55:49:610,20199,
20:55:50:110,20193,
20:55:50:610,20091,
20:55:51:110,20269,
20:55:51:610,20106,
20:55:52:110,20231,
20:55:52:610,20147,
20:55:53:110,20225,
20:55:53:610,20187,
20:55:54:110,20299,
20:55:54:610,20314,
20:55:55:110,20083,
20:55:55:610,20078,
20:55:56:110,20301,
20:55:56:610,20181,
20:55:57:110,20177,
20:55:57:610,20008,
20:55:58:110,20206,
20:55:58:610,20319,
20:55:59:110,20348,
20:55:59:610,20290,
20:56:0:110,20235,
20:56:0:610,20042,
20:56:1:110,20256,
20:56:1:610,20121,
20:56:2:110,20196,
20:56:2:610,20268,
20:56:3:110,20238,
20:56:3:610,20277,
20:56:4:110,20120,
20:56:4:610,20188,
20:56:5:110,20228,
20:56:5:610,20074,
20:56:6:110,20173,
20:56:6:610,20174,
20:56:7:110,20269,
20:56:7:610,20209,
20:56:8:110,20082,
20:56:8:610,20097,
20:56:9:110,20276,
20:56:9:610,20067,
20:56:10:110,19979,
20:56:10:610,20180,
20:56:11:110,20262,
20:56:11:610,20020,
20:56:12:110,20147,
20:56:12:610,20157,
20:56:13:110,20195,
20:56:13:610,20169,
20:56:14:110,20225,
20:56:14:610,20200,
20:56:15:110,20218,
20:56:15:610,20173,
20:56:16:110,20186,
20:56:16:610,20297,
20:56:17:110,20106,
20:56:17:610,20107,
20:56:18:110,20356,
20:56:18:610,20260,
20:56:19:110,20067,
20:56:19:610,20183,
20:56:20:110,20166,
20:56:20:610,20181,
20:56:21:110,20326,
20:56:21:610,20259,
20:56:22:110,20149,
20:56:22:610,20235,
20:56:23:110,20351,
20:56:23:610,20257,
20:56:24:110,20185,
20:56:24:610,20125,
20:56:25:110,20242,
20:56:25:610,19994,
20:56:26:110,20217,
20:56:26:610,20239,
20:56:27:110,20248,
20:56:27:610,20236,
20:56:28:110,20171,
20:56:28:610,20170,
20:56:29:110,20090,
20:56:29:610,20200,
20:56:30:110,20211,
20:56:30:610,20169,
20:56:31:110,20124,
20:56:31:610,20307,
20:56:32:110,20115,
20:56:32:610,20083,
20:56:33:110,20185,
20:56:33:610,20085,
20:56:34:110,20167,
20:56:34:610,20246,
20:56:35:110,20191,
20:56:35:610,20210,
20:56:36:110,19851,
20:56:36:610,20130,
20:56:37:110,20306,
20:56:37:610,20178,
20:56:38:110,20154,
20:56:38:610,20153,
20:56:39:110,20174,
20:56:39:610,20168,
20:56:40:110,20251,
20:56:40:610,20161,
20:56:41:110,20073,
20:56:41:610,20300,
20:56:42:110,20296,
20:56:42:610,20163,
20:56:43:110,20233,
20:56:43:610,20207,
20:56:44:110,20204,
20:56:44:610,20192,
20:56:45:110,20368,
20:56:45:610,20266,
20:56:46:110,20090,
20:56:46:610,20340,
20:56:47:110,20021,
20:56:47:610,20077,
20:56:48:110,20241,
20:56:48:610,20097,
20:56:49:110,20089,
20:56:49:610,20127,
20:56:50:110,20302,
20:56:50:610,20265,
20:56:51:110,19965,
20:56:51:610,20299,
20:56:52:110,20230,
20:56:52:610,20253,
20:56:53:110,20166,
20:56:53:610,19991,
20:56:54:110,20373,
20:56:54:610,20335,
20:56:55:110,20323,
20:56:55:610,20064,
20:56:56:110,20084,
20:56:56:610,20123,
20:56:57:110,20253,
20:56:57:610,20137,
20:56:58:110,20088,
20:56:58:610,20284,
20:56:59:110,20230,
20:56:59:610,20298,
20:57:0:110,20332,
20:57:0:610,20141,
20:57:1:110,19975,
20:57:1:610,20405,
20:57:2:110,20233,
20:57:2:610,20240,
20:57:3:110,20246,
20:57:3:610,20314,
20:57:4:110,20112,
20:57:4:610,20242,
20:57:5:110,20006,
20:57:5:610,20312,
20:57:6:110,20054,
20:57:6:610,19969,
20:57:7:110,20100,
20:57:7:610,20142,
20:57:8:110,20208,
20:57:8:610,20190,
20:57:9:110,20259,
20:57:9:610,20174,
20:57:10:110,20261,
20:57:10:610,20381,
20:57:11:110,20109,
20:57:11:610,20367,
20:57:12:110,20164,
20:57:12:610,20192,
20:57:13:110,20247,
20:57:13:610,20147,
20:57:14:110,20237,
20:57:14:610,20098,
20:57:15:110,20350,
20:57:15:610,20252,
20:57:16:110,20147,
20:57:16:610,20182,
20:57:17:110,20294,
20:57:17:610,20010,
20:57:18:110,20273,
20:57:18:610,20298,
20:57:19:110,20104,
20:57:19:610,20481,
20:57:20:110,20193,
20:57:20:610,20055,
20:57:21:110,20234,
20:57:21:610,20083,
20:57:22:110,20067,
20:57:22:610,20038,
20:57:23:110,20093,
20:57:23:610,20264,
20:57:24:110,20459,
20:57:24:610,20184,
20:57:25:110,20277,
20:57:25:610,20206,
20:57:26:110,19883,
20:57:26:610,20288,
20:57:27:110,20294,
20:57:27:610,20277,
20:57:28:110,20245,
20:57:28:610,20211,
20:57:29:110,20259,
20:57:29:610,20091,
20:57:30:110,20153,
20:57:30:610,20169,
20:57:31:110,20113,
20:57:31:610,20413,
20:57:32:110,20287,
20:57:32:610,20282,
20:57:33:110,20145,
20:57:33:610,20099,
20:57:34:110,20130,
20:57:34:610,20333,
20:57:35:110,20098,
20:57:35:610,20278,
20:57:36:110,20280,
20:57:36:610,20259,
20:57:37:110,20223,
20:57:37:610,20402,
20:57:38:110,20212,
20:57:38:610,20384,
20:57:39:110,20250,
20:57:39:610,20290,
20:57:40:110,20169,
20:57:40:610,20221,
20:57:41:110,20285,
20:57:41:610,20181,
20:57:42:110,20207,
20:57:42:610,20129,
20:57:43:110,20046,
20:57:43:610,20172,
20:57:44:110,20188,
20:57:44:610,20125,
20:57:45:110,20162,
20:57:45:610,20520,
20:57:46:110,20075,
20:57:46:610,20091,
20:57:47:110,20188,
20:57:47:610,20215,
20:57:48:110,20115,
20:57:48:610,20233,
20:57:49:110,20331,
20:57:49:610,20083,
20:57:50:110,20199,
20:57:50:610,20255,
20:57:51:110,20130,
20:57:51:610,20316,
20:57:52:110,20120,
20:57:52:610,20303,
20:57:53:110,20194,
20:57:53:610,20280,
20:57:54:110,20136,
20:57:54:610,20295,
20:57:55:110,20353,
20:57:55:610,20206,
20:57:56:110,20328,
20:57:56:610,20319,
20:57:57:110,20297,
20:57:57:610,20332,
20:57:58:110,20095,
20:57:58:610,20215,
20:57:59:110,20259,
20:57:59:610,20131,
20:58:0:110,20155,
20:58:0:610,20130,
20:58:1:110,20178,
20:58:1:610,20363,
20:58:2:110,20109,
20:58:2:610,20232,
20:58:3:110,20294,
20:58:3:610,20249,
20:58:4:110,20210,
20:58:4:610,20176,
20:58:5:110,20222,
20:58:5:610,20301,
20:58:6:110,20001,
20:58:6:610,20158,
20:58:7:110,20127,
20:58:7:610,20126,
20:58:8:110,20193,
20:58:8:610,20041,
20:58:9:110,20246,
20:58:9:610,20124,
20:58:10:110,20078,
20:58:10:610,20307,
20:58:11:110,20105,
20:58:11:610,20118,
20:58:12:110,20170,
20:58:12:610,20087,
20:58:13:110,20203,
20:58:13:610,20215,
20:58:14:110,20224,
20:58:14:610,20348,
20:58:15:110,20209,
20:58:15:610,20123,
20:58:16:110,20165,
20:58:16:610,20112,
20:58:17:110,20182,
20:58:17:610,20223,
20:58:18:110,20200,
20:58:18:610,20378,
20:58:19:110,20172,
20:58:19:610,20150,
20:58:20:110,20181,
20:58:20:610,20083,
20:58:21:110,20211,
20:58:21:610,20345,
20:58:22:110,20229,
20:58:22:610,20176,
20:58:23:110,20164,
20:58:23:610,20152,
20:58:24:110,20240,
20:58:24:610,20249,
20:58:25:110,20271,
20:58:25:610,20024,
20:58:26:110,20217,
20:58:26:610,20371,
20:58:27:110,20171,
20:58:27:610,20256,
20:58:28:110,20213,
20:58:28:610,19988,
20:58:29:110,20207,
20:58:29:610,20139,
20:58:30:110,20263,
20:58:30:610,20434,
20:58:31:110,20250,
20:58:31:610,20035,
20:58:32:110,20233,
20:58:32:610,20265,
20:58:33:110,20141,
20:58:33:610,20228,
20:58:34:110,20256,
20:58:34:610,20181,
20:58:35:110,20287,
20:58:35:610,20207,
20:58:36:110,20224,
20:58:36:610,20340,
20:58:37:110,20095,
20:58:37:610,20138,
20:58:38:110,20230,
20:58:38:610,20011,
20:58:39:110,20196,
20:58:39:610,20124,
20:58:40:110,20244,
20:58:40:610,20166,
20:58:41:110,20300,
20:58:41:610,20180,
20:58:42:110,20156,
20:58:42:610,20264,
20:58:43:110,20295,
20:58:43:610,20165,
20:58:44:110,20188,
20:58:44:610,19978,
20:58:45:110,20234,
20:58:45:610,20161,
20:58:46:110,20169,
20:58:46:610,20167,
20:58:47:110,20274,
20:58:47:610,20351,
20:58:48:110,20290,
20:58:48:610,20035,
20:58:49:110,20398,
20:58:49:610,20144,
20:58:50:110,20028,
20:58:50:610,20203,
20:58:51:110,20376,
20:58:51:610,20318,
20:58:52:110,20163,
20:58:52:610,20100,
20:58:53:110,20244,
20:58:53:610,20272,
20:58:54:110,20101,
20:58:54:610,20167,
20:58:55:110,20062,
20:58:55:610,20294,
20:58:56:110,20300,
20:58:56:610,20200,
20:58:57:110,20082,
20:58:57:610,20102,
20:58:58:110,20132,
20:58:58:610,20139,
20:58:59:110,20126,
20:58:59:610,20118,
20:59:0:110,20310,
20:59:0:610,20127,
20:59:1:110,20088,
20:59:1:610,20175,
20:59:2:110,20083,
20:59:2:610,20062,
20:59:3:110,20248,
20:59:3:610,20268,
20:59:4:110,20132,
20:59:4:610,20225,
20:59:5:110,20074,
20:59:5:610,20256,
20:59:6:110,20320,
20:59:6:610,20244,
20:59:7:110,20320,
20:59:7:610,20162,
20:59:8:110,20291,
20:59:8:610,20347,
20:59:9:110,20366,
20:59:9:610,20305,
20:59:10:110,20142,
20:59:10:610,20036,
20:59:11:110,20175,
20:59:11:610,20290,
20:59:12:110,20236,
20:59:12:610,20048,
20:59:13:110,20183,
20:59:13:610,20333,
20:59:14:110,20076,
20:59:14:610,20230,
20:59:15:110,20193,
20:59:15:610,20319,
20:59:16:110,20264,
20:59:16:610,20012,
20:59:17:110,19978,
20:59:17:610,20122,
20:59:18:110,20179,
20:59:18:610,20137,
20:59:19:110,20194,
20:59:19:610,20332,
20:59:20:110,20031,
20:59:20:610,20100,
20:59:21:110,20115,
20:59:21:610,20126,
20:59:22:110,20263,
20:59:22:610,20087,
20:59:23:110,20144,
20:59:23:610,20285,
20:59:24:110,20127,
20:59:24:610,20180,
20:59:25:110,20246,
20:59:25:610,20137,
20:59:26:110,20245,
20:59:26:610,20175,
20:59:27:110,20185,
20:59:27:610,20119,
20:59:28:110,20372,
20:59:28:610,20259,
20:59:29:110,20409,
20:59:29:610,20204,
20:59:30:110,20221,
20:59:30:610,20147,
20:59:31:110,20287,
20:59:31:610,20211,
20:59:32:110,20311,
20:59:32:610,20212,
20:59:33:110,19913,
20:59:33:610,19976,
20:59:34:110,20159,
20:59:34:610,20168,
20:59:35:110,20347,
20:59:35:610,20285,
20:59:36:110,20196,
20:59:36:610,20140,
20:59:37:110,20218,
20:59:37:610,20116,
20:59:38:110,20250,
20:59:38:610,20423,
20:59:39:110,20286,
20:59:39:610,20290,
20:59:40:110,20427,
20:59:40:610,20110,
20:59:41:110,20239,
20:59:41:610,20159,
20:59:42:110,20205,
20:59:42:610,20205,
20:59:43:110,20118,
20:59:43:610,20252,
20:59:44:110,19975,
20:59:44:610,20127,
20:59:45:110,20175,
20:59:45:610,20125,
20:59:46:110,20160,
20:59:46:610,20306,
20:59:47:110,20190,
20:59:47:610,20042,
20:59:48:110,20253,
20:59:48:610,20150,
20:59:49:110,20148,
20:59:49:610,20062,
20:59:50:110,20248,
20:59:50:610,20176,
20:59:51:110,20179,
20:59:51:610,20347,
20:59:52:110,20155,
20:59:52:610,20222,
20:59:53:110,20449,
20:59:53:610,20185,
20:59:54:110,20238,
20:59:54:610,20141,
20:59:55:110,20244,
20:59:55:610,20111,
20:59:56:110,20149,
20:59:56:610,20365,
20:59:57:110,20258,
20:59:57:610,20019,
20:59:58:110,20138,
20:59:58:610,20261,
20:59:59:110,20497,
20:59:59:610,20308,
21:0:0:110,20395,
21:0:0:610,20032,
21:0:1:110,19837,
21:0:1:610,20253,
21:0:2:110,20187,
21:0:2:610,20305,
21:0:3:110,20208,
21:0:3:610,20186,
21:0:4:110,20142,
21:0:4:610,20149,
21:0:5:110,20321,
21:0:5:610,20110,
21:0:6:110,20284,
21:0:6:610,20240,
21:0:7:110,20266,
21:0:7:610,20145,
21:0:8:110,20130,
21:0:8:610,20395,
21:0:9:110,20185,
21:0:9:610,20073,
21:0:10:110,20206,
21:0:10:610,20209,
21:0:11:110,20231,
21:0:11:610,20280,
21:0:12:110,20138,
21:0:12:610,20267,
21:0:13:110,20106,
21:0:13:610,20029,
21:0:14:110,20325,
21:0:14:610,20352,
21:0:15:110,20384,
21:0:15:610,20248,
21:0:16:110,20258,
21:0:16:610,20115,
21:0:17:110,20314,
21:0:17:610,20182,
21:0:18:110,20273,
21:0:18:610,20235,
21:0:19:110,20158,
21:0:19:610,20381,
21:0:20:110,20100,
21:0:20:610,20181,
21:0:21:110,20317,
21:0:21:610,20333,
21:0:22:110,20285,
21:0:22:610,20201,
21:0:23:110,20283,
21:0:23:610,20121,
21:0:24:110,20112,
21:0:24:610,20306,
21:0:25:110,20225,
21:0:25:610,20282,
21:0:26:110,20246,
21:0:26:610,20205,
21:0:27:110,19995,
21:0:27:610,20417,
21:0:28:110,20115,
21:0:28:610,20254,
21:0:29:110,20292,
21:0:29:610,20131,
21:0:30:110,20069,
21:0:30:610,20155,
21:0:31:110,20260,
21:0:31:610,20177,
21:0:32:110,20118,
21:0:32:610,20104,
21:0:33:110,20054,
21:0:33:610,20064,
21:0:34:110,20241,
21:0:34:610,20093,
21:0:35:110,20384,
21:0:35:610,20124,
21:0:36:110,20250,
21:0:36:610,20114,
21:0:37:110,20257,
21:0:37:610,20184,
21:0:38:110,20332,
21:0:38:610,20290,
21:0:39:110,20240,
21:0:39:610,20236,
21:0:40:110,20092,
21:0:40:610,20097,
21:0:41:110,20096,
21:0:41:610,20223,
21:0:42:110,19928,
21:0:42:610,20151,
21:0:43:110,20433,
21:0:43:610,20128,
21:0:44:110,20216,
21:0:44:610,20169,
21:0:45:110,20026,
21:0:45:610,20189,
21:0:46:110,20137,
21:0:46:610,20090,
21:0:47:110,20318,
21:0:47:610,20170,
21:0:48:110,20244,
21:0:48:610,20128,
21:0:49:110,20200,
21:0:49:610,20441,
21:0:50:110,20215,
21:0:50:610,20163,
21:0:51:110,20199,
21:0:51:610,20055,
21:0:52:110,20401,
21:0:52:610,20213,
21:0:53:110,20246,
21:0:53:610,20028,
21:0:54:110,20143,
21:0:54:610,20131,
21:0:55:110,20139,
21:0:55:610,20060,
21:0:56:110,20232,
21:0:56:610,20318,
21:0:57:110,20274,
21:0:57:610,20112,
21:0:58:110,20348,
21:0:58:610,20178,
21:0:59:110,20385,
21:0:59:610,20437,
21:1:0:110,20207,
21:1:0:610,20238,
21:1:1:110,20191,
21:1:1:610,20160,
21:1:2:110,20157,
21:1:2:610,20238,
21:1:3:110,20132,
21:1:3:610,20395,
21:1:4:110,20336,
21:1:4:610,20207,
21:1:5:110,20238,
21:1:5:610,20173,
21:1:6:110,20237,
21:1:6:610,20266,
21:1:7:110,20249,
21:1:7:610,20242,
21:1:8:110,20235,
21:1:8:610,20182,
21:1:9:110,20112,
21:1:9:610,20318,
21:1:10:110,20039,
21:1:10:610,20242,
21:1:11:110,20128,
21:1:11:610,20187,
21:1:12:110,20225,
21:1:12:610,20027,
21:1:13:110,20097,
21:1:13:610,20173,
21:1:14:110,20245,
21:1:14:610,20283,
21:1:15:110,20071,
21:1:15:610,20204,
21:1:16:110,20330,
21:1:16:610,20155,
21:1:17:110,20339,
21:1:17:610,20139,
21:1:18:110,20239,
21:1:18:610,20046,
21:1:19:110,20219,
21:1:19:610,20075,
21:1:20:110,20262,
21:1:20:610,20287,
21:1:21:110,20195,
21:1:21:610,20297,
21:1:22:110,20367,
21:1:22:610,20210,
21:1:23:110,20230,
21:1:23:610,20022,
21:1:24:110,20237,
21:1:24:610,20251,
21:1:25:110,20177,
21:1:25:610,20378,
21:1:26:110,20248,
21:1:26:610,20236,
21:1:27:110,20369,
21:1:27:610,19988,
21:1:28:110,20218,
21:1:28:610,20140,
21:1:29:110,20006,
21:1:29:610,20267,
21:1:30:110,20192,
21:1:30:610,20138,
21:1:31:110,20256,
21:1:31:610,20039,
21:1:32:110,20082,
21:1:32:610,20223,
21:1:33:110,20064,
21:1:33:610,20103,
21:1:34:110,20110,
21:1:34:610,20115,
21:1:35:110,20285,
21:1:35:610,20259,
21:1:36:110,20170,
21:1:36:610,20228,
21:1:37:110,20034,
21:1:37:610,20350,
21:1:38:110,20416,
21:1:38:610,20200,
21:1:39:110,20166,
21:1:39:610,20265,
21:1:40:110,20198,
21:1:40:610,20144,
21:1:41:110,20182,
21:1:41:610,20207,
21:1:42:110,20245,
21:1:42:610,20241,
21:1:43:110,20282,
21:1:43:610,20331,
21:1:44:110,20140,
21:1:44:610,20194,
21:1:45:110,20122,
21:1:45:610,20285,
21:1:46:110,20119,
21:1:46:610,20060,
21:1:47:110,20138,
21:1:47:610,20184,
21:1:48:110,20255,
21:1:48:610,20191,
21:1:49:110,20229,
21:1:49:610,20321,
21:1:50:110,20121,
21:1:50:610,20187,
21:1:51:110,20138,
21:1:51:610,20178,
21:1:52:110,20217,
21:1:52:610,20221,
21:1:53:110,20220,
21:1:53:610,20110,
21:1:54:110,20333,
21:1:54:610,20099,
21:1:55:110,20115,
21:1:55:610,20314,
21:1:56:110,20238,
21:1:56:610,20211,
21:1:57:110,20160,
21:1:57:610,20199,
21:1:58:110,19999,
21:1:58:610,20197,
21:1:59:110,20124,
21:1:59:610,20216,
21:2:0:110,20253,
21:2:0:610,20259,
21:2:1:110,20083,
21:2:1:610,20216,
21:2:2:110,20302,
21:2:2:610,20265,
21:2:3:110,20352,
21:2:3:610,20112,
21:2:4:110,20290,
21:2:4:610,20112,
21:2:5:110,20252,
21:2:5:610,20418,
21:2:6:110,20132,
21:2:6:610,20344,
21:2:7:110,20135,
21:2:7:610,20241,
21:2:8:110,20182,
21:2:8:610,20267,
21:2:9:110,20137,
21:2:9:610,20208,
21:2:10:110,20193,
21:2:10:610,20384,
21:2:11:110,19910,
21:2:11:610,20295,
21:2:12:110,20413,
21:2:12:610,20107,
21:2:13:110,20198,
21:2:13:610,20172,
21:2:14:110,20241,
21:2:14:610,20331,
21:2:15:110,20222,
21:2:15:610,20267,
21:2:16:110,20140,
21:2:16:610,20172,
21:2:17:110,20203,
21:2:17:610,20062,
21:2:18:110,20291,
21:2:18:610,20222,
21:2:19:110,20226,
21:2:19:610,20130,
21:2:20:110,20199,
21:2:20:610,20175,
21:2:21:110,20223,
21:2:21:610,20263,
21:2:22:110,20337,
21:2:22:610,20033,
21:2:23:110,20153,
21:2:23:610,20083,
21:2:24:110,20074,
21:2:24:610,20223,
21:2:25:110,20145,
21:2:25:610,20193,
21:2:26:110,20190,
21:2:26:610,20117,
21:2:27:110,20405,
21:2:27:610,20135,
21:2:28:110,20071,
21:2:28:610,20128,
21:2:29:110,20403,
21:2:29:610,20253,
21:2:30:110,20026,
21:2:30:610,20215,
21:2:31:110,20132,
21:2:31:610,19959,
21:2:32:110,20306,
21:2:32:610,20320,
21:2:33:110,20008,
21:2:33:610,20228,
21:2:34:110,20118,
21:2:34:610,20098,
21:2:35:110,20188,
21:2:35:610,20189,
21:2:36:110,20109,
21:2:36:610,20093,
21:2:37:110,20323,
21:2:37:610,20107,
21:2:38:110,20293,
21:2:38:610,19948,
21:2:39:110,20129,
21:2:39:610,20144,
21:2:40:110,20317,
21:2:40:610,20132,
21:2:41:110,20323,
21:2:41:610,20119,
21:2:42:110,20302,
21:2:42:610,20339,
21:2:43:110,20231,
21:2:43:610,20155,
21:2:44:110,20234,
21:2:44:610,19988,
21:2:45:110,20117,
21:2:45:610,20162,
21:2:46:110,20148,
21:2:46:610,20213,
21:2:47:110,20164,
21:2:47:610,20296,
21:2:48:110,20156,
21:2:48:610,20217,
21:2:49:110,20183,
21:2:49:610,20125,
21:2:50:110,20182,
21:2:50:610,20230,
21:2:51:110,20209,
21:2:51:610,20100,
21:2:52:110,20148,
21:2:52:610,20147,
21:2:53:110,20245,
21:2:53:610,20299,
21:2:54:110,20183,
21:2:54:610,20127,
21:2:55:110,20167,
21:2:55:610,20102,
21:2:56:110,20253,
21:2:56:610,20384,
21:2:57:110,20140,
21:2:57:610,20247,
21:2:58:110,20183,
21:2:58:610,20200,
21:2:59:110,20197,
21:2:59:610,20379,
21:3:0:110,20213,
21:3:0:610,20133,
21:3:1:110,20335,
21:3:1:610,20324,
21:3:2:110,20128,
21:3:2:610,20097,
21:3:3:110,20251,
21:3:3:610,20041,
21:3:4:110,20281,
21:3:4:610,20308,
21:3:5:110,20193,
21:3:5:610,20314,
21:3:6:110,20113,
21:3:6:610,20252,
21:3:7:110,20211,
21:3:7:610,20107,
21:3:8:110,20155,
21:3:8:610,20360,
21:3:9:110,20339,
21:3:9:610,20200,
21:3:10:110,20202,
21:3:10:610,20275,
21:3:11:110,20321,
21:3:11:610,20115,
21:3:12:110,20111,
21:3:12:610,20185,
21:3:13:110,20204,
21:3:13:610,20276,
21:3:14:110,20056,
21:3:14:610,20272,
21:3:15:110,20105,
21:3:15:610,20180,
21:3:16:110,20180,
21:3:16:610,20303,
21:3:17:110,20092,
21:3:17:610,20160,
21:3:18:110,20045,
21:3:18:610,20146,
21:3:19:110,20275,
21:3:19:610,20283,
21:3:20:110,20015,
21:3:20:610,20198,
21:3:21:110,20134,
21:3:21:610,20178,
21:3:22:110,20249,
21:3:22:610,20213,
21:3:23:110,20185,
21:3:23:610,20249,
21:3:24:110,20227,
21:3:24:610,20074,
21:3:25:110,20299,
21:3:25:610,20132,
21:3:26:110,20165,
21:3:26:610,20191,
21:3:27:110,20274,
21:3:27:610,20301,
21:3:28:110,20039,
21:3:28:610,20162,
21:3:29:110,20189,
21:3:29:610,20259,
21:3:30:110,20351,
21:3:30:610,20299,
21:3:31:110,20263,
21:3:31:610,20159,
21:3:32:110,20128,
21:3:32:610,20049,
21:3:33:110,19988,
21:3:33:610,20100,
21:3:34:110,20182,
21:3:34:610,20006,
21:3:35:110,20265,
21:3:35:610,20181,
21:3:36:110,20251,
21:3:36:610,20320,
21:3:37:110,20234,
21:3:37:610,20248,
21:3:38:110,20117,
21:3:38:610,20244,
21:3:39:110,20355,
21:3:39:610,20165,
21:3:40:110,20137,
21:3:40:610,20176,
21:3:41:110,20311,
21:3:41:610,20117,
21:3:42:110,20291,
21:3:42:610,20125,
21:3:43:110,20348,
21:3:43:610,20348,
21:3:44:110,20122,
21:3:44:610,20258,
21:3:45:110,20215,
21:3:45:610,20129,
21:3:46:110,20146,
21:3:46:610,20248,
21:3:47:110,20302,
21:3:47:610,20390,
21:3:48:110,20017,
21:3:48:610,20286,
21:3:49:110,20335,
21:3:49:610,20183,
21:3:50:110,20279,
21:3:50:610,20188,
21:3:51:110,20330,
21:3:51:610,20000,
21:3:52:110,20297,
21:3:52:610,20443,
21:3:53:110,20273,
21:3:53:610,20315,
21:3:54:110,20271,
21:3:54:610,20304,
21:3:55:110,20227,
21:3:55:610,20353,
21:3:56:110,20305,
21:3:56:610,20161,
21:3:57:110,20248,
21:3:57:610,20014,
21:3:58:110,20140,
21:3:58:610,20083,
21:3:59:110,20309,
21:3:59:610,20229,
21:4:0:110,20093,
21:4:0:610,20135,
21:4:1:110,20178,
21:4:1:610,20161,
21:4:2:110,20218,
21:4:2:610,20172,
21:4:3:110,20259,
21:4:3:610,20183,
21:4:4:110,20106,
21:4:4:610,20077,
21:4:5:110,20106,
21:4:5:610,20180,
21:4:6:110,20111,
21:4:6:610,20119,
21:4:7:110,20391,
21:4:7:610,20127,
21:4:8:110,20158,
21:4:8:610,20187,
21:4:9:110,19986,
21:4:9:610,20205,
21:4:10:110,20155,
21:4:10:610,20439,
21:4:11:110,20134,
21:4:11:610,20282,
21:4:12:110,20196,
21:4:12:610,20098,
21:4:13:110,20279,
21:4:13:610,20114,
21:4:14:110,20221,
21:4:14:610,20204,
21:4:15:110,20223,
21:4:15:610,20273,
21:4:16:110,20297,
21:4:16:610,20042,
21:4:17:110,20186,
21:4:17:610,20168,
21:4:18:110,20169,
21:4:18:610,20239,
21:4:19:110,20377,
21:4:19:610,20239,
21:4:20:110,20059,
21:4:20:610,20087,
21:4:21:110,20224,
21:4:21:610,20300,
21:4:22:110,20043,
21:4:22:610,20214,
21:4:23:110,20188,
21:4:23:610,20106,
21:4:24:110,20115,
21:4:24:610,20248,
21:4:25:110,20235,
21:4:25:610,20284,
21:4:26:110,20088,
21:4:26:610,20032,
21:4:27:110,20352,
21:4:27:610,20202,
21:4:28:110,20362,
21:4:28:610,20203,
21:4:29:110,20217,
21:4:29:610,20100,
21:4:30:110,20206,
21:4:30:610,20131,
21:4:31:110,20246,
21:4:31:610,20272,
21:4:32:110,20186,
21:4:32:610,20225,
21:4:33:110,20140,
21:4:33:610,20135,
21:4:34:110,20180,
21:4:34:610,20124,
21:4:35:110,20158,
21:4:35:610,20222,
21:4:36:110,20175,
21:4:36:610,20256,
21:4:37:110,20284,
21:4:37:610,20001,
21:4:38:110,20125,
21:4:38:610,20107,
21:4:39:110,20246,
21:4:39:610,20174,
21:4:40:110,20214,
21:4:40:610,20243,
21:4:41:110,20192,
21:4:41:610,20182,
21:4:42:110,20316,
21:4:42:610,20298,
21:4:43:110,20047,
21:4:43:610,20088,
21:4:44:110,20230,
21:4:44:610,20230,
21:4:45:110,20298,
21:4:45:610,20180,
21:4:46:110,20294,
21:4:46:610,20215,
21:4:47:110,20098,
21:4:47:610,20283,
21:4:48:110,20121,
21:4:48:610,20212,
21:4:49:110,20144,
21:4:49:610,20091,
21:4:50:110,20171,
21:4:50:610,20143,
21:4:51:110,20260,
21:4:51:610,20108,
21:4:52:110,20289,
21:4:52:610,20298,
21:4:53:110,20174,
21:4:53:610,20114,
21:4:54:110,20147,
21:4:54:610,20116,
21:4:55:110,20127,
21:4:55:610,20283,
21:4:56:110,20160,
21:4:56:610,20154,
21:4:57:110,20267,
21:4:57:610,20350,
21:4:58:110,20129,
21:4:58:610,20030,
21:4:59:110,20143,
21:4:59:610,20089,
21:5:0:110,20225,
21:5:0:610,20288,
21:5:1:110,20125,
21:5:1:610,20022,
21:5:2:110,20146,
21:5:2:610,20343,
21:5:3:110,20299,
21:5:3:610,20249,
21:5:4:110,20114,
21:5:4:610,20232,
21:5:5:110,20110,
21:5:5:610,20230,
21:5:6:110,19992,
21:5:6:610,20197,
21:5:7:110,20213,
21:5:7:610,20257,
21:5:8:110,20249,
21:5:8:610,20282,
21:5:9:110,20236,
21:5:9:610,20198,
21:5:10:110,20339,
21:5:10:610,20182,
21:5:11:110,20003,
21:5:11:610,20346,
21:5:12:110,20085,
21:5:12:610,20088,
21:5:13:110,20377,
21:5:13:610,20405,
21:5:14:110,20077,
21:5:14:610,20098,
21:5:15:110,20349,
21:5:15:610,20077,
21:5:16:110,20167,
21:5:16:610,20300,
21:5:17:110,20009,
21:5:17:610,20359,
21:5:18:110,20271,
21:5:18:610,20373,
21:5:19:110,20211,
21:5:19:610,20308,
21:5:20:110,20056,
21:5:20:610,20313,
21:5:21:110,20315,
21:5:21:610,20233,
21:5:22:110,20125,
21:5:22:610,20346,
21:5:23:110,20293,
21:5:23:610,20172,
21:5:24:110,20191,
21:5:24:610,20121,
21:5:25:110,20258,
21:5:25:610,20188,
21:5:26:110,20174,
21:5:26:610,20243,
21:5:27:110,20267,
21:5:27:610,20233,
21:5:28:110,20280,
21:5:28:610,20048,
21:5:29:110,20251,
21:5:29:610,20224,
21:5:30:110,20139,
21:5:30:610,20199,
21:5:31:110,20334,
21:5:31:610,20192,
21:5:32:110,20279,
21:5:32:610,20153,
21:5:33:110,20466,
21:5:33:610,20233,
21:5:34:110,20220,
21:5:34:610,20205,
21:5:35:110,20106,
21:5:35:610,20204,
21:5:36:110,20200,
21:5:36:610,20191,
21:5:37:110,20300,
21:5:37:610,20098,
21:5:38:110,20054,
21:5:38:610,20182,
21:5:39:110,20049,
21:5:39:610,20382,
21:5:40:110,20162,
21:5:40:610,20080,
21:5:41:110,20092,
21:5:41:610,20265,
21:5:42:110,20273,
21:5:42:610,20245,
21:5:43:110,20113,
21:5:43:610,20210,
21:5:44:110,20255,
21:5:44:610,20078,
21:5:45:110,20255,
21:5:45:610,19990,
21:5:46:110,20237,
21:5:46:610,20265,
21:5:47:110,20277,
21:5:47:610,20035,
21:5:48:110,20189,
21:5:48:610,20224,
21:5:49:110,20146,
21:5:49:610,20133,
21:5:50:110,20137,
21:5:50:610,20163,
21:5:51:110,20296,
21:5:51:610,20219,
21:5:52:110,20319,
21:5:52:610,20247,
21:5:53:110,20059,
21:5:53:610,20118,
21:5:54:110,20367,
21:5:54:610,20002,
21:5:55:110,20235,
21:5:55:610,20131,
21:5:56:110,20217,
21:5:56:610,20083,
21:5:57:110,20032,
21:5:57:610,20231,
21:5:58:110,20186,
21:5:58:610,20272,
21:5:59:110,20052,
21:5:59:610,20130,
21:6:0:110,20177,
21:6:0:610,20384,
21:6:1:110,20309,
21:6:1:610,20088,
21:6:2:110,20295,
21:6:2:610,20250,
21:6:3:110,20328,
21:6:3:610,20361,
21:6:4:110,20149,
21:6:4:610,20291,
21:6:5:110,20142,
21:6:5:610,20215,
21:6:6:110,20203,
21:6:6:610,20268,
21:6:7:110,20251,
21:6:7:610,20173,
21:6:8:110,20227,
21:6:8:610,20111,
21:6:9:110,20092,
21:6:9:610,20173,
21:6:10:110,20145,
21:6:10:610,20050,
21:6:11:110,20238,
21:6:11:610,20290,
21:6:12:110,20220,
21:6:12:610,20316,
21:6:13:110,20237,
21:6:13:610,20119,
21:6:14:110,20035,
21:6:14:610,20080,
21:6:15:110,20131,
21:6:15:610,20185,
21:6:16:110,20269,
21:6:16:610,20091,
21:6:17:110,20243,
21:6:17:610,20141,
21:6:18:110,20230,
21:6:18:610,20075,
21:6:19:110,20091,
21:6:19:610,20215,
21:6:20:110,20014,
21:6:20:610,20220,
21:6:21:110,20245,
21:6:21:610,20333,
21:6:22:110,20293,
21:6:22:610,20130,
21:6:23:110,20228,
21:6:23:610,20272,
21:6:24:110,20066,
21:6:24:610,19930,
21:6:25:110,20053,
21:6:25:610,20188,
21:6:26:110,20267,
21:6:26:610,20185,
21:6:27:110,20159,
21:6:27:610,20089,
21:6:28:110,20202,
21:6:28:610,20326,
21:6:29:110,20211,
21:6:29:610,20042,
21:6:30:110,20169,
21:6:30:610,20119,
21:6:31:110,20028,
21:6:31:610,20141,
21:6:32:110,20100,
21:6:32:610,20035,
21:6:33:110,20243,
21:6:33:610,20201,
21:6:34:110,20390,
21:6:34:610,20129,
21:6:35:110,20269,
21:6:35:610,20191,
21:6:36:110,20200,
21:6:36:610,20092,
21:6:37:110,20153,
21:6:37:610,20148,
21:6:38:110,20208,
21:6:38:610,20205,
21:6:39:110,20140,
21:6:39:610,20208,
21:6:40:110,20253,
21:6:40:610,20292,
21:6:41:110,20188,
21:6:41:610,20173,
21:6:42:110,20149,
21:6:42:610,20172,
21:6:43:110,20159,
21:6:43:610,20340,
21:6:44:110,20163,
21:6:44:610,20145,
21:6:45:110,20217,
21:6:45:610,20126,
21:6:46:110,20355,
21:6:46:610,20194,
21:6:47:110,20131,
21:6:47:610,20156,
21:6:48:110,20151,
21:6:48:610,19980,
21:6:49:110,20169,
21:6:49:610,20130,
21:6:50:110,20246,
21:6:50:610,20228,
21:6:51:110,20378,
21:6:51:610,20159,
21:6:52:110,20289,
21:6:52:610,20359,
21:6:53:110,20350,
21:6:53:610,20294,
21:6:54:110,20218,
21:6:54:610,20259,
21:6:55:110,20287,
21:6:55:610,20162,
21:6:56:110,20131,
21:6:56:610,20324,
21:6:57:110,20125,
21:6:57:610,20157,
21:6:58:110,20360,
21:6:58:610,20298,
21:6:59:110,20196,
21:6:59:610,20123,
21:7:0:110,20341,
21:7:0:610,20213,
21:7:1:110,20290,
21:7:1:610,20365,
21:7:2:110,20243,
21:7:2:610,20212,
21:7:3:110,20053,
21:7:3:610,19956,
21:7:4:110,20067,
21:7:4:610,20350,
21:7:5:110,20110,
21:7:5:610,20297,
21:7:6:110,20300,
21:7:6:610,20124,
21:7:7:110,20254,
21:7:7:610,20294,
21:7:8:110,20317,
21:7:8:610,20133,
21:7:9:110,20196,
21:7:9:610,0,
21:7:10:110,0,
21:7:10:610,20046,
21:7:11:110,0,
21:7:11:610,20260,
21:7:12:110,0,
21:7:12:610,20261,
21:7:13:110,0,
21:7:13:610,20020,
21:7:14:110,0,
21:7:16:188,20303,
21:7:17:188,20353,
21:7:18:188,20183,
21:7:19:188,20151,
21:7:20:188,20201,
21:7:21:188,20056,
21:7:22:188,20094,
21:7:23:188,20220,
21:7:24:188,20178,
21:7:25:188,20240,
21:7:26:188,20027,
21:7:27:188,20128,
21:7:28:188,20062,
21:7:29:188,20220,
21:7:30:188,20070,
21:7:31:188,20264,
21:7:32:188,20246,
21:7:33:188,20199,
21:7:34:188,20336,
21:7:35:188,20218,
21:7:36:188,20325,
21:7:37:188,20301,
21:7:38:188,20123,
21:7:39:188,20185,
21:7:40:188,20219,
21:7:41:188,20290,
21:7:42:188,20197,
21:7:43:188,20083,
21:7:44:188,20174,
21:7:45:188,20285,
21:7:46:188,20283,
21:7:47:188,20255,
21:7:48:188,20126,
21:7:49:188,19988,
21:7:50:188,20013,
21:7:51:188,20289,
21:7:52:188,20138,
21:7:53:188,20276,
21:7:54:188,20140,
21:7:55:188,20409,
21:7:56:188,20049,
21:7:57:188,20385,
21:7:58:188,20273,
21:7:59:188,20296,
21:8:0:188,20109,
21:8:1:188,20251,
21:8:2:188,20250,
21:8:3:188,20317,
21:8:4:188,20017,
21:8:5:188,20126,
21:8:6:188,20147,
21:8:7:188,20308,
21:8:8:188,20259,
21:8:9:188,20333,
21:8:10:188,20195,
21:8:11:188,20375,
21:8:12:188,20322,
21:8:13:188,19957,
21:8:14:188,20483,
21:8:15:188,20305,
21:8:16:188,19996,
21:8:17:188,20316,
21:8:18:188,20246,
21:8:19:188,20346,
21:8:20:188,19998,
21:8:21:188,20315,
21:8:22:188,20100,
21:8:23:188,20207,
21:8:24:188,20313,
21:8:25:188,20111,
21:8:26:188,20207,
21:8:27:188,19971,
21:8:28:188,20271,
21:8:29:188,20300,
21:8:30:188,20188,
21:8:31:188,20034,
21:8:32:188,20175,
21:8:33:188,20222,
21:8:34:188,20078,
21:8:35:188,20278,
21:8:36:188,20155,
21:8:37:188,20276,
21:8:38:188,20277,
21:8:39:188,20109,
21:8:40:188,20184,
21:8:41:188,20252,
21:8:42:188,20132,
21:8:43:188,20219,
21:8:44:188,20302,
21:8:45:188,20210,
21:8:46:188,20252,
21:8:47:188,20277,
21:8:48:188,20250,
21:8:49:188,20178,
21:8:50:188,20277,
21:8:51:188,20059,
21:8:52:188,20096,
21:8:53:188,20245,
21:8:54:188,20256,
21:8:55:188,20014,
21:8:56:188,20228,
21:8:57:188,20227,
21:8:58:188,20289,
21:8:59:188,20266,
21:9:0:188,20198,
21:9:1:188,20191,
21:9:2:188,20252,
21:9:3:188,20322,
21:9:4:188,20124,
21:9:5:188,20025,
21:9:6:188,20226,
21:9:7:188,20232,
21:9:8:188,20330,
21:9:9:188,20315,
21:9:10:188,20337,
21:9:11:188,20171,
21:9:12:188,20259,
21:9:13:188,20103,
21:9:14:188,20166,
21:9:15:188,20215,
21:9:16:188,20095,
21:9:17:188,20233,
21:9:18:188,20141,
21:9:19:188,20208,
21:9:20:188,20346,
21:9:21:188,20182,
21:9:22:188,20265,
21:9:23:188,20185,
21:9:24:188,20077,
21:9:25:188,20285,
21:9:26:188,20233,
21:9:27:188,20218,
21:9:28:188,20205,
21:9:29:188,20218,
21:9:30:188,20223,
21:9:31:188,20102,
21:9:32:188,20095,
21:9:33:188,20271,
21:9:34:188,20165,
21:9:35:188,19867,
21:9:36:188,20235,
21:9:37:188,20251,
21:9:38:188,20182,
21:9:39:188,20203,
21:9:40:188,20203,
21:9:41:188,20146,
21:9:42:188,20024,
21:9:43:188,20258,
21:9:44:188,20397,
21:9:45:188,20083,
21:9:46:188,20099,
21:9:47:188,20293,
21:9:48:188,20151,
21:9:49:188,20193,
21:9:50:188,20226,
21:9:51:188,20178,
21:9:52:188,20220,
21:9:53:188,20158,
21:9:54:188,20402,
21:9:55:188,20179,
21:9:56:188,20334,
21:9:57:188,20234,
21:9:58:188,20121,
21:9:59:188,20258,
21:10:0:188,20172,
21:10:1:188,20157,
21:10:2:188,20261,
21:10:3:188,20230,
21:10:4:188,20180,
21:10:5:188,20324,
21:10:6:188,20278,
21:10:7:188,20145,
21:10:8:188,20138,
21:10:9:188,20174,
21:10:10:188,20211,
21:10:11:188,20304,
